stage=ingestion_snapshot
description=Summarize existing ingested data snapshot (offline mode).
started_at_utc=2026-03-12T12:04:10Z
finished_at_utc=2026-03-12T12:04:10Z
status=ok
bouts_count=66
events_count=5
fighter_bout_stats_count=132
fighters_count=182
markets_count=0
stage=ingestion_snapshot
description=Summarize existing ingested data snapshot (offline mode).
started_at_utc=2026-03-12T12:04:59Z
finished_at_utc=2026-03-12T12:04:59Z
status=ok
bouts_count=66
events_count=5
fighter_bout_stats_count=132
fighters_count=182
markets_count=0
stage=ingestion_snapshot
description=Summarize existing ingested data snapshot (offline mode).
started_at_utc=2026-03-12T12:06:09Z
finished_at_utc=2026-03-12T12:06:09Z
status=ok
bouts_count=66
events_count=5
fighter_bout_stats_count=132
fighters_count=182
markets_count=0
stage=ingestion_snapshot
description=Summarize existing ingested data snapshot (offline mode).
started_at_utc=2026-03-12T12:06:47Z
finished_at_utc=2026-03-12T12:06:47Z
status=ok
bouts_count=66
events_count=5
fighter_bout_stats_count=132
fighters_count=182
markets_count=0
stage=ingestion_snapshot
description=Summarize existing ingested data snapshot (offline mode).
started_at_utc=2026-03-12T14:11:44Z
finished_at_utc=2026-03-12T14:11:44Z
status=ok
bouts_count=66
events_count=5
fighter_bout_stats_count=132
fighters_count=182
markets_count=0
stage=ingestion_snapshot
description=Summarize existing ingested data snapshot (offline mode).
started_at_utc=2026-03-12T14:29:41Z
finished_at_utc=2026-03-12T14:29:42Z
status=ok
bouts_count=1869
events_count=153
fighter_bout_stats_count=132
fighters_count=992
markets_count=0
stage=ingestion_snapshot
description=Summarize existing ingested data snapshot (offline mode).
started_at_utc=2026-03-12T14:30:41Z
finished_at_utc=2026-03-12T14:30:41Z
status=ok
bouts_count=1869
events_count=153
fighter_bout_stats_count=132
fighters_count=992
markets_count=0
stage=ingestion_snapshot
description=Summarize existing ingested data snapshot (offline mode).
started_at_utc=2026-03-12T14:34:27Z
finished_at_utc=2026-03-12T14:34:27Z
status=ok
bouts_count=1869
events_count=153
fighter_bout_stats_count=132
fighters_count=992
markets_count=0
stage=ingestion_snapshot
description=Summarize existing ingested data snapshot (offline mode).
started_at_utc=2026-03-12T14:59:35Z
finished_at_utc=2026-03-12T14:59:35Z
status=ok
bouts_count=1869
events_count=153
fighter_bout_stats_count=132
fighters_count=992
markets_count=0
stage=ingestion_snapshot
description=Summarize existing ingested data snapshot (offline mode).
started_at_utc=2026-03-12T15:50:34Z
finished_at_utc=2026-03-12T15:50:34Z
status=ok
bouts_count=1869
events_count=153
fighter_bout_stats_count=3738
fighters_count=992
markets_count=0
stage=ingestion_snapshot
description=Summarize existing ingested data snapshot (offline mode).
started_at_utc=2026-03-12T16:06:13Z
finished_at_utc=2026-03-12T16:06:13Z
status=ok
bouts_count=1869
events_count=153
fighter_bout_stats_count=3738
fighters_count=992
markets_count=0
stage=ingestion_snapshot
description=Summarize existing ingested data snapshot (offline mode).
started_at_utc=2026-03-12T18:23:59Z
finished_at_utc=2026-03-12T18:23:59Z
status=ok
bouts_count=1869
events_count=153
fighter_bout_stats_count=3738
fighters_count=992
markets_count=138
stage=ingestion_snapshot
description=Summarize existing ingested data snapshot (offline mode).
started_at_utc=2026-03-12T19:15:55Z
finished_at_utc=2026-03-12T19:15:55Z
status=ok
bouts_count=1869
events_count=153
fighter_bout_stats_count=3738
fighters_count=992
markets_count=152
stage=ingestion_snapshot
description=Summarize existing ingested data snapshot (offline mode).
started_at_utc=2026-03-12T22:26:16Z
finished_at_utc=2026-03-12T22:26:17Z
status=ok
bouts_count=1869
events_count=153
fighter_bout_stats_count=3738
fighters_count=992
markets_count=455568
