stage=data_coverage
description=Build UFC data coverage snapshot.
started_at_utc=2026-03-12T12:04:10Z
finished_at_utc=2026-03-12T12:04:10Z
status=ok
bouts_count=66
events_count=5
fighter_bout_stats_count=132
fighters_count=182
first_ufc_bout_utc=2026-02-07T00:00:00Z
last_ufc_bout_utc=2026-03-14T00:00:00Z
markets_count=0
model_predictions_count=0
promotion=UFC
ufc_bouts_count=66
ufc_completed_bouts_count=52
ufc_events_count=5
ufc_market_rows_count=0
stage=data_coverage
description=Build UFC data coverage snapshot.
started_at_utc=2026-03-12T12:04:59Z
finished_at_utc=2026-03-12T12:04:59Z
status=ok
bouts_count=66
events_count=5
fighter_bout_stats_count=132
fighters_count=182
first_ufc_bout_utc=2026-02-07T00:00:00Z
last_ufc_bout_utc=2026-03-14T00:00:00Z
markets_count=0
model_predictions_count=0
promotion=UFC
ufc_bouts_count=66
ufc_completed_bouts_count=52
ufc_events_count=5
ufc_market_rows_count=0
stage=data_coverage
description=Build UFC data coverage snapshot.
started_at_utc=2026-03-12T12:06:09Z
finished_at_utc=2026-03-12T12:06:09Z
status=ok
bouts_count=66
events_count=5
fighter_bout_stats_count=132
fighters_count=182
first_ufc_bout_utc=2026-02-07T00:00:00Z
last_ufc_bout_utc=2026-03-14T00:00:00Z
markets_count=0
model_predictions_count=66
promotion=UFC
ufc_bouts_count=66
ufc_completed_bouts_count=52
ufc_events_count=5
ufc_market_rows_count=0
stage=data_coverage
description=Build UFC data coverage snapshot.
started_at_utc=2026-03-12T12:06:47Z
finished_at_utc=2026-03-12T12:06:47Z
status=ok
bouts_count=66
events_count=5
fighter_bout_stats_count=132
fighters_count=182
first_ufc_bout_utc=2026-02-07T00:00:00Z
last_ufc_bout_utc=2026-03-14T00:00:00Z
markets_count=0
model_predictions_count=132
promotion=UFC
ufc_bouts_count=66
ufc_completed_bouts_count=52
ufc_events_count=5
ufc_market_rows_count=0
stage=data_coverage
description=Build UFC data coverage snapshot.
started_at_utc=2026-03-12T14:11:44Z
finished_at_utc=2026-03-12T14:11:44Z
status=ok
bouts_count=66
events_count=5
fighter_bout_stats_count=132
fighters_count=182
first_ufc_bout_utc=2026-02-07T00:00:00Z
last_ufc_bout_utc=2026-03-14T00:00:00Z
markets_count=0
model_predictions_count=198
promotion=UFC
ufc_bouts_count=66
ufc_completed_bouts_count=52
ufc_events_count=5
ufc_market_rows_count=0
stage=data_coverage
description=Build UFC data coverage snapshot.
started_at_utc=2026-03-12T14:30:41Z
finished_at_utc=2026-03-12T14:30:41Z
status=ok
bouts_count=1869
events_count=153
fighter_bout_stats_count=132
fighters_count=992
first_ufc_bout_utc=2022-07-23T00:00:00Z
last_ufc_bout_utc=2026-03-14T00:00:00Z
markets_count=0
model_predictions_count=264
promotion=UFC
ufc_bouts_count=1869
ufc_completed_bouts_count=1824
ufc_events_count=153
ufc_market_rows_count=0
stage=data_coverage
description=Build UFC data coverage snapshot.
started_at_utc=2026-03-12T14:34:27Z
finished_at_utc=2026-03-12T14:34:27Z
status=ok
bouts_count=1869
events_count=153
fighter_bout_stats_count=132
fighters_count=992
first_ufc_bout_utc=2022-07-23T00:00:00Z
last_ufc_bout_utc=2026-03-14T00:00:00Z
markets_count=0
model_predictions_count=2454
promotion=UFC
ufc_bouts_count=1869
ufc_completed_bouts_count=1824
ufc_events_count=153
ufc_market_rows_count=0
stage=data_coverage
description=Build UFC data coverage snapshot.
started_at_utc=2026-03-12T14:59:35Z
finished_at_utc=2026-03-12T14:59:35Z
status=ok
bouts_count=1869
events_count=153
fighter_bout_stats_count=132
fighters_count=992
first_ufc_bout_utc=2022-07-23T00:00:00Z
last_ufc_bout_utc=2026-03-14T00:00:00Z
markets_count=0
model_predictions_count=4644
promotion=UFC
ufc_bouts_count=1869
ufc_completed_bouts_count=1824
ufc_events_count=153
ufc_market_rows_count=0
stage=data_coverage
description=Build UFC data coverage snapshot.
started_at_utc=2026-03-12T15:50:34Z
finished_at_utc=2026-03-12T15:50:34Z
status=ok
bouts_count=1869
events_count=153
fighter_bout_stats_count=3738
fighters_count=992
first_ufc_bout_utc=2022-07-23T00:00:00Z
last_ufc_bout_utc=2026-03-14T00:00:00Z
markets_count=0
model_predictions_count=6834
promotion=UFC
ufc_bouts_count=1869
ufc_completed_bouts_count=1824
ufc_events_count=153
ufc_market_rows_count=0
stage=data_coverage
description=Build UFC data coverage snapshot.
started_at_utc=2026-03-12T16:06:13Z
finished_at_utc=2026-03-12T16:06:13Z
status=ok
bouts_count=1869
events_count=153
fighter_bout_stats_count=3738
fighters_count=992
first_ufc_bout_utc=2022-07-23T00:00:00Z
last_ufc_bout_utc=2026-03-14T00:00:00Z
markets_count=0
model_predictions_count=9024
promotion=UFC
ufc_bouts_count=1869
ufc_completed_bouts_count=1824
ufc_events_count=153
ufc_market_rows_count=0
stage=data_coverage
description=Build UFC data coverage snapshot.
started_at_utc=2026-03-12T18:23:59Z
finished_at_utc=2026-03-12T18:23:59Z
status=ok
bouts_count=1869
events_count=153
fighter_bout_stats_count=3738
fighters_count=992
first_ufc_bout_utc=2022-07-23T00:00:00Z
last_ufc_bout_utc=2026-03-14T00:00:00Z
markets_count=138
model_predictions_count=11214
promotion=UFC
ufc_bouts_count=1869
ufc_completed_bouts_count=1824
ufc_events_count=153
ufc_market_rows_count=138
stage=data_coverage
description=Build UFC data coverage snapshot.
started_at_utc=2026-03-12T19:15:55Z
finished_at_utc=2026-03-12T19:15:55Z
status=ok
bouts_count=1869
events_count=153
fighter_bout_stats_count=3738
fighters_count=992
first_ufc_bout_utc=2022-07-23T00:00:00Z
last_ufc_bout_utc=2026-03-14T00:00:00Z
markets_count=152
model_predictions_count=13404
promotion=UFC
ufc_bouts_count=1869
ufc_completed_bouts_count=1824
ufc_events_count=153
ufc_market_rows_count=152
stage=data_coverage
description=Build UFC data coverage snapshot.
started_at_utc=2026-03-12T22:26:19Z
finished_at_utc=2026-03-12T22:26:19Z
status=ok
bouts_count=1869
events_count=153
fighter_bout_stats_count=3738
fighters_count=992
first_ufc_bout_utc=2022-07-23T00:00:00Z
last_ufc_bout_utc=2026-03-14T00:00:00Z
markets_count=455568
model_predictions_count=15594
promotion=UFC
ufc_bouts_count=1869
ufc_completed_bouts_count=1824
ufc_events_count=153
ufc_market_rows_count=455568
