stage=generate_features
description=Generate pre-fight sequential features.
started_at_utc=2026-03-12T12:04:10Z
finished_at_utc=2026-03-12T12:04:10Z
status=ok
features_path=data/processed/features/pre_fight_features.csv
rows=132
stage=generate_features
description=Generate pre-fight sequential features.
started_at_utc=2026-03-12T12:04:59Z
finished_at_utc=2026-03-12T12:04:59Z
status=ok
features_path=data/processed/features/pre_fight_features.csv
rows=132
stage=generate_features
description=Generate pre-fight sequential features.
started_at_utc=2026-03-12T12:06:09Z
finished_at_utc=2026-03-12T12:06:09Z
status=ok
features_path=data/processed/features/pre_fight_features.csv
rows=132
stage=generate_features
description=Generate pre-fight sequential features.
started_at_utc=2026-03-12T12:06:47Z
finished_at_utc=2026-03-12T12:06:47Z
status=ok
features_path=data/processed/features/pre_fight_features.csv
rows=132
stage=generate_features
description=Generate pre-fight sequential features.
started_at_utc=2026-03-12T14:11:44Z
finished_at_utc=2026-03-12T14:11:44Z
status=ok
features_path=data/processed/features/pre_fight_features.csv
rows=132
stage=generate_features
description=Generate pre-fight sequential features.
started_at_utc=2026-03-12T14:30:41Z
finished_at_utc=2026-03-12T14:30:41Z
status=ok
features_path=data/processed/features/pre_fight_features.csv
rows=3738
stage=generate_features
description=Generate pre-fight sequential features.
started_at_utc=2026-03-12T14:34:27Z
finished_at_utc=2026-03-12T14:34:27Z
status=ok
features_path=data/processed/features/pre_fight_features.csv
rows=3738
stage=generate_features
description=Generate pre-fight sequential features.
started_at_utc=2026-03-12T14:59:35Z
finished_at_utc=2026-03-12T14:59:35Z
status=ok
features_path=data/processed/features/pre_fight_features.csv
rows=3738
stage=generate_features
description=Generate pre-fight sequential features.
started_at_utc=2026-03-12T15:50:34Z
finished_at_utc=2026-03-12T15:50:34Z
status=ok
features_path=data/processed/features/pre_fight_features.csv
rows=3738
stage=generate_features
description=Generate pre-fight sequential features.
started_at_utc=2026-03-12T16:06:13Z
finished_at_utc=2026-03-12T16:06:13Z
status=ok
features_path=data/processed/features/pre_fight_features.csv
rows=3738
stage=generate_features
description=Generate pre-fight sequential features.
started_at_utc=2026-03-12T18:23:59Z
finished_at_utc=2026-03-12T18:24:00Z
status=ok
features_path=data/processed/features/pre_fight_features.csv
rows=3738
stage=generate_features
description=Generate pre-fight sequential features.
started_at_utc=2026-03-12T19:15:55Z
finished_at_utc=2026-03-12T19:15:55Z
status=ok
features_path=data/processed/features/pre_fight_features.csv
rows=3738
stage=generate_features
description=Generate pre-fight sequential features.
started_at_utc=2026-03-12T22:26:19Z
finished_at_utc=2026-03-12T22:26:19Z
status=ok
features_path=data/processed/features/pre_fight_features.csv
rows=3738
