stage=feature_coverage
description=Summarize key feature coverage on generated dataset.
started_at_utc=2026-03-12T12:04:10Z
finished_at_utc=2026-03-12T12:04:10Z
status=ok
avg_key_feature_coverage=0.11111111
bouts=66
earliest_bout_utc=2026-02-07T00:00:00Z
latest_bout_utc=2026-03-14T00:00:00Z
min_key_feature_coverage=0.00000000
rows=132
stage=feature_coverage
description=Summarize key feature coverage on generated dataset.
started_at_utc=2026-03-12T12:04:59Z
finished_at_utc=2026-03-12T12:04:59Z
status=ok
avg_key_feature_coverage=0.11111111
bouts=66
earliest_bout_utc=2026-02-07T00:00:00Z
latest_bout_utc=2026-03-14T00:00:00Z
min_key_feature_coverage=0.00000000
rows=132
stage=feature_coverage
description=Summarize key feature coverage on generated dataset.
started_at_utc=2026-03-12T12:06:09Z
finished_at_utc=2026-03-12T12:06:09Z
status=ok
avg_key_feature_coverage=0.11111111
bouts=66
earliest_bout_utc=2026-02-07T00:00:00Z
latest_bout_utc=2026-03-14T00:00:00Z
min_key_feature_coverage=0.00000000
rows=132
stage=feature_coverage
description=Summarize key feature coverage on generated dataset.
started_at_utc=2026-03-12T12:06:47Z
finished_at_utc=2026-03-12T12:06:47Z
status=ok
avg_key_feature_coverage=0.11111111
bouts=66
earliest_bout_utc=2026-02-07T00:00:00Z
latest_bout_utc=2026-03-14T00:00:00Z
min_key_feature_coverage=0.00000000
rows=132
stage=feature_coverage
description=Summarize key feature coverage on generated dataset.
started_at_utc=2026-03-12T14:11:44Z
finished_at_utc=2026-03-12T14:11:44Z
status=ok
avg_key_feature_coverage=0.11111111
bouts=66
earliest_bout_utc=2026-02-07T00:00:00Z
latest_bout_utc=2026-03-14T00:00:00Z
min_key_feature_coverage=0.00000000
rows=132
stage=feature_coverage
description=Summarize key feature coverage on generated dataset.
started_at_utc=2026-03-12T14:30:41Z
finished_at_utc=2026-03-12T14:30:41Z
status=ok
avg_key_feature_coverage=0.80603115
bouts=1869
earliest_bout_utc=2022-07-23T00:00:00Z
latest_bout_utc=2026-03-14T00:00:00Z
min_key_feature_coverage=0.57758159
rows=3738
stage=feature_coverage
description=Summarize key feature coverage on generated dataset.
started_at_utc=2026-03-12T14:34:27Z
finished_at_utc=2026-03-12T14:34:27Z
status=ok
avg_key_feature_coverage=0.80603115
bouts=1869
earliest_bout_utc=2022-07-23T00:00:00Z
latest_bout_utc=2026-03-14T00:00:00Z
min_key_feature_coverage=0.57758159
rows=3738
stage=feature_coverage
description=Summarize key feature coverage on generated dataset.
started_at_utc=2026-03-12T14:59:35Z
finished_at_utc=2026-03-12T14:59:35Z
status=ok
avg_key_feature_coverage=0.80603115
bouts=1869
earliest_bout_utc=2022-07-23T00:00:00Z
latest_bout_utc=2026-03-14T00:00:00Z
min_key_feature_coverage=0.57758159
rows=3738
stage=feature_coverage
description=Summarize key feature coverage on generated dataset.
started_at_utc=2026-03-12T15:50:34Z
finished_at_utc=2026-03-12T15:50:34Z
status=ok
avg_key_feature_coverage=0.80603115
bouts=1869
earliest_bout_utc=2022-07-23T00:00:00Z
latest_bout_utc=2026-03-14T00:00:00Z
min_key_feature_coverage=0.57758159
rows=3738
stage=feature_coverage
description=Summarize key feature coverage on generated dataset.
started_at_utc=2026-03-12T16:06:13Z
finished_at_utc=2026-03-12T16:06:13Z
status=ok
avg_key_feature_coverage=0.80603115
bouts=1869
earliest_bout_utc=2022-07-23T00:00:00Z
latest_bout_utc=2026-03-14T00:00:00Z
min_key_feature_coverage=0.57758159
rows=3738
stage=feature_coverage
description=Summarize key feature coverage on generated dataset.
started_at_utc=2026-03-12T18:24:00Z
finished_at_utc=2026-03-12T18:24:00Z
status=ok
avg_key_feature_coverage=0.80603115
bouts=1869
earliest_bout_utc=2022-07-23T00:00:00Z
latest_bout_utc=2026-03-14T00:00:00Z
min_key_feature_coverage=0.57758159
rows=3738
stage=feature_coverage
description=Summarize key feature coverage on generated dataset.
started_at_utc=2026-03-12T19:15:55Z
finished_at_utc=2026-03-12T19:15:55Z
status=ok
avg_key_feature_coverage=0.80603115
bouts=1869
earliest_bout_utc=2022-07-23T00:00:00Z
latest_bout_utc=2026-03-14T00:00:00Z
min_key_feature_coverage=0.57758159
rows=3738
stage=feature_coverage
description=Summarize key feature coverage on generated dataset.
started_at_utc=2026-03-12T22:26:19Z
finished_at_utc=2026-03-12T22:26:19Z
status=ok
avg_key_feature_coverage=0.80603115
bouts=1869
earliest_bout_utc=2022-07-23T00:00:00Z
latest_bout_utc=2026-03-14T00:00:00Z
min_key_feature_coverage=0.57758159
rows=3738
