stage=build_ratings_history
description=Generate Elo rating history.
started_at_utc=2026-03-12T12:04:10Z
finished_at_utc=2026-03-12T12:04:10Z
status=ok
bouts=66
ratings_path=data/processed/ratings/elo_ratings_history.csv
rows=132
stage=build_ratings_history
description=Generate Elo rating history.
started_at_utc=2026-03-12T12:04:59Z
finished_at_utc=2026-03-12T12:04:59Z
status=ok
bouts=66
ratings_path=data/processed/ratings/elo_ratings_history.csv
rows=132
stage=build_ratings_history
description=Generate Elo rating history.
started_at_utc=2026-03-12T12:06:09Z
finished_at_utc=2026-03-12T12:06:09Z
status=ok
bouts=66
ratings_path=data/processed/ratings/elo_ratings_history.csv
rows=132
stage=build_ratings_history
description=Generate Elo rating history.
started_at_utc=2026-03-12T12:06:47Z
finished_at_utc=2026-03-12T12:06:47Z
status=ok
bouts=66
ratings_path=data/processed/ratings/elo_ratings_history.csv
rows=132
stage=build_ratings_history
description=Generate Elo rating history.
started_at_utc=2026-03-12T14:11:44Z
finished_at_utc=2026-03-12T14:11:44Z
status=ok
bouts=66
ratings_path=data/processed/ratings/elo_ratings_history.csv
rows=132
