stage=data_coverage_audit
description=Generate data coverage audit report and join-failure diagnostics.
started_at_utc=2026-03-12T14:30:41Z
finished_at_utc=2026-03-12T14:30:41Z
status=ok
report_path=data/processed/reports/data_coverage_audit.txt
total_completed_bouts=1824
total_events=153
total_fighter_bout_stats_rows=132
total_fighters=992
stage=data_coverage_audit
description=Generate data coverage audit report and join-failure diagnostics.
started_at_utc=2026-03-12T14:34:27Z
finished_at_utc=2026-03-12T14:34:27Z
status=ok
report_path=data/processed/reports/data_coverage_audit.txt
total_completed_bouts=1824
total_events=153
total_fighter_bout_stats_rows=132
total_fighters=992
stage=data_coverage_audit
description=Generate data coverage audit report and join-failure diagnostics.
started_at_utc=2026-03-12T14:59:35Z
finished_at_utc=2026-03-12T14:59:35Z
status=ok
report_path=data/processed/reports/data_coverage_audit.txt
total_completed_bouts=1824
total_events=153
total_fighter_bout_stats_rows=132
total_fighters=992
stage=data_coverage_audit
description=Generate data coverage audit report and join-failure diagnostics.
started_at_utc=2026-03-12T15:50:34Z
finished_at_utc=2026-03-12T15:50:35Z
status=ok
completed_bouts_with_one_stats_row=0
completed_bouts_with_two_stats_rows=1824
completed_bouts_with_zero_stats_rows=0
report_path=data/processed/reports/data_coverage_audit.txt
total_completed_bouts=1824
total_events=153
total_fighter_bout_stats_rows=3738
total_fighters=992
stage=data_coverage_audit
description=Generate data coverage audit report and join-failure diagnostics.
started_at_utc=2026-03-12T16:06:13Z
finished_at_utc=2026-03-12T16:06:13Z
status=ok
completed_bouts_with_one_stats_row=0
completed_bouts_with_two_stats_rows=1824
completed_bouts_with_zero_stats_rows=0
report_path=data/processed/reports/data_coverage_audit.txt
total_completed_bouts=1824
total_events=153
total_fighter_bout_stats_rows=3738
total_fighters=992
stage=data_coverage_audit
description=Generate data coverage audit report and join-failure diagnostics.
started_at_utc=2026-03-12T18:24:00Z
finished_at_utc=2026-03-12T18:24:00Z
status=ok
completed_bouts_with_one_stats_row=0
completed_bouts_with_two_stats_rows=1824
completed_bouts_with_zero_stats_rows=0
report_path=data/processed/reports/data_coverage_audit.txt
total_completed_bouts=1824
total_events=153
total_fighter_bout_stats_rows=3738
total_fighters=992
stage=data_coverage_audit
description=Generate data coverage audit report and join-failure diagnostics.
started_at_utc=2026-03-12T19:15:55Z
finished_at_utc=2026-03-12T19:15:55Z
status=ok
completed_bouts_with_one_stats_row=0
completed_bouts_with_two_stats_rows=1824
completed_bouts_with_zero_stats_rows=0
report_path=data/processed/reports/data_coverage_audit.txt
total_completed_bouts=1824
total_events=153
total_fighter_bout_stats_rows=3738
total_fighters=992
stage=data_coverage_audit
description=Generate data coverage audit report and join-failure diagnostics.
started_at_utc=2026-03-12T22:26:19Z
finished_at_utc=2026-03-12T22:26:19Z
status=ok
completed_bouts_with_one_stats_row=0
completed_bouts_with_two_stats_rows=1824
completed_bouts_with_zero_stats_rows=0
report_path=data/processed/reports/data_coverage_audit.txt
total_completed_bouts=1824
total_events=153
total_fighter_bout_stats_rows=3738
total_fighters=992
