stage=build_ratings_history
description=Generate Elo rating history.
started_at_utc=2026-03-12T14:30:41Z
finished_at_utc=2026-03-12T14:30:41Z
status=ok
bouts=1869
ratings_path=data/processed/ratings/elo_ratings_history.csv
rows=3738
stage=build_ratings_history
description=Generate Elo rating history.
started_at_utc=2026-03-12T14:34:27Z
finished_at_utc=2026-03-12T14:34:27Z
status=ok
bouts=1869
ratings_path=data/processed/ratings/elo_ratings_history.csv
rows=3738
stage=build_ratings_history
description=Generate Elo rating history.
started_at_utc=2026-03-12T14:59:35Z
finished_at_utc=2026-03-12T14:59:35Z
status=ok
bouts=1869
ratings_path=data/processed/ratings/elo_ratings_history.csv
rows=3738
stage=build_ratings_history
description=Generate Elo rating history.
started_at_utc=2026-03-12T15:50:35Z
finished_at_utc=2026-03-12T15:50:35Z
status=ok
bouts=1869
ratings_path=data/processed/ratings/elo_ratings_history.csv
rows=3738
stage=build_ratings_history
description=Generate Elo rating history.
started_at_utc=2026-03-12T16:06:13Z
finished_at_utc=2026-03-12T16:06:13Z
status=ok
bouts=1869
ratings_path=data/processed/ratings/elo_ratings_history.csv
rows=3738
