stage=market_coverage
description=Generate market matching and odds coverage report.
started_at_utc=2026-03-12T18:24:00Z
finished_at_utc=2026-03-12T18:24:00Z
status=ok
closing_odds_covered_fights=n/a
completed_fights=1824
market_rows=138
matched_fights=0
opening_odds_covered_fights=0
report_path=data/processed/reports/market_data_validation_report.txt
unmatched_fights=1824
stage=market_coverage
description=Generate market matching and odds coverage report.
started_at_utc=2026-03-12T19:15:55Z
finished_at_utc=2026-03-12T19:15:55Z
status=ok
closing_odds_covered_fights=n/a
completed_fights=1824
market_rows=152
match_rate=0.00000000
matched_fights=0
opening_odds_covered_fights=0
report_path=data/processed/reports/market_data_validation_report.txt
unmatched_fights=1824
stage=market_coverage
description=Generate market matching and odds coverage report.
started_at_utc=2026-03-12T22:26:19Z
finished_at_utc=2026-03-12T22:26:22Z
status=ok
closing_odds_covered_fights=1508
completed_fights=1824
market_rows=455568
match_rate=0.82675439
matched_fights=1508
opening_odds_covered_fights=1508
report_path=data/processed/reports/market_data_validation_report.txt
unmatched_fights=316
