stage=rating_coverage
description=Summarize rating coverage and temporal span.
started_at_utc=2026-03-12T12:04:10Z
finished_at_utc=2026-03-12T12:04:10Z
status=ok
coverage_rate=0.57142857
earliest_rating_utc=2026-02-07T00:00:00Z
latest_rating_utc=2026-03-07T00:00:00Z
rated_fighters=104
top_weight_class_count=1
total_fighters=182
stage=rating_coverage
description=Summarize rating coverage and temporal span.
started_at_utc=2026-03-12T12:04:59Z
finished_at_utc=2026-03-12T12:04:59Z
status=ok
coverage_rate=0.57142857
earliest_rating_utc=2026-02-07T00:00:00Z
latest_rating_utc=2026-03-07T00:00:00Z
rated_fighters=104
top_weight_class_count=1
total_fighters=182
stage=rating_coverage
description=Summarize rating coverage and temporal span.
started_at_utc=2026-03-12T12:06:09Z
finished_at_utc=2026-03-12T12:06:09Z
status=ok
coverage_rate=0.57142857
earliest_rating_utc=2026-02-07T00:00:00Z
latest_rating_utc=2026-03-07T00:00:00Z
rated_fighters=104
top_weight_class_count=1
total_fighters=182
stage=rating_coverage
description=Summarize rating coverage and temporal span.
started_at_utc=2026-03-12T12:06:47Z
finished_at_utc=2026-03-12T12:06:47Z
status=ok
coverage_rate=0.57142857
earliest_rating_utc=2026-02-07T00:00:00Z
latest_rating_utc=2026-03-07T00:00:00Z
rated_fighters=104
top_weight_class_count=1
total_fighters=182
stage=rating_coverage
description=Summarize rating coverage and temporal span.
started_at_utc=2026-03-12T14:11:44Z
finished_at_utc=2026-03-12T14:11:44Z
status=ok
coverage_rate=0.57142857
earliest_rating_utc=2026-02-07T00:00:00Z
latest_rating_utc=2026-03-07T00:00:00Z
rated_fighters=104
top_weight_class_count=1
total_fighters=182
