stage=build_ratings_history
description=Generate Elo rating history.
started_at_utc=2026-03-12T18:24:00Z
finished_at_utc=2026-03-12T18:24:00Z
status=ok
bouts=1869
ratings_path=data/processed/ratings/elo_ratings_history.csv
rows=3738
stage=build_ratings_history
description=Generate Elo rating history.
started_at_utc=2026-03-12T19:15:55Z
finished_at_utc=2026-03-12T19:15:55Z
status=ok
bouts=1869
ratings_path=data/processed/ratings/elo_ratings_history.csv
rows=3738
stage=build_ratings_history
description=Generate Elo rating history.
started_at_utc=2026-03-12T22:26:22Z
finished_at_utc=2026-03-12T22:26:22Z
status=ok
bouts=1869
ratings_path=data/processed/ratings/elo_ratings_history.csv
rows=3738
