stage=rating_coverage
description=Summarize rating coverage and temporal span.
started_at_utc=2026-03-12T14:30:41Z
finished_at_utc=2026-03-12T14:30:41Z
status=ok
coverage_rate=0.95766129
earliest_rating_utc=2022-07-23T00:00:00Z
latest_rating_utc=2026-03-07T00:00:00Z
rated_fighters=950
top_weight_class_count=1
total_fighters=992
stage=rating_coverage
description=Summarize rating coverage and temporal span.
started_at_utc=2026-03-12T14:34:27Z
finished_at_utc=2026-03-12T14:34:27Z
status=ok
coverage_rate=0.95766129
earliest_rating_utc=2022-07-23T00:00:00Z
latest_rating_utc=2026-03-07T00:00:00Z
rated_fighters=950
top_weight_class_count=1
total_fighters=992
stage=rating_coverage
description=Summarize rating coverage and temporal span.
started_at_utc=2026-03-12T14:59:35Z
finished_at_utc=2026-03-12T14:59:35Z
status=ok
coverage_rate=0.95766129
earliest_rating_utc=2022-07-23T00:00:00Z
latest_rating_utc=2026-03-07T00:00:00Z
rated_fighters=950
top_weight_class_count=1
total_fighters=992
stage=rating_coverage
description=Summarize rating coverage and temporal span.
started_at_utc=2026-03-12T15:50:35Z
finished_at_utc=2026-03-12T15:50:35Z
status=ok
coverage_rate=0.95766129
earliest_rating_utc=2022-07-23T00:00:00Z
latest_rating_utc=2026-03-07T00:00:00Z
rated_fighters=950
top_weight_class_count=1
total_fighters=992
stage=rating_coverage
description=Summarize rating coverage and temporal span.
started_at_utc=2026-03-12T16:06:13Z
finished_at_utc=2026-03-12T16:06:13Z
status=ok
coverage_rate=0.95766129
earliest_rating_utc=2022-07-23T00:00:00Z
latest_rating_utc=2026-03-07T00:00:00Z
rated_fighters=950
top_weight_class_count=1
total_fighters=992
