stage=train_baselines
description=Train chronology-safe baseline models.
started_at_utc=2026-03-12T12:04:10Z
finished_at_utc=2026-03-12T12:04:10Z
status=failed
error_message='<=' not supported between instances of 'NoneType' and 'float'
error_type=TypeError
stage=train_baselines
description=Train chronology-safe baseline models.
started_at_utc=2026-03-12T12:04:59Z
finished_at_utc=2026-03-12T12:04:59Z
status=ok
model_run_id=baselines_2026-03-12T12:04:59Z_27e45d97ff
predictions=66
predictions_path=data/processed/predictions/baseline_predictions.csv
report_path=data/processed/reports/baseline_report.txt
scored_bouts=11
stage=train_baselines
description=Train chronology-safe baseline models.
started_at_utc=2026-03-12T12:06:09Z
finished_at_utc=2026-03-12T12:06:09Z
status=ok
model_run_id=baselines_2026-03-12T12:06:09Z_0d08017635
predictions=66
predictions_path=data/processed/predictions/baseline_predictions.csv
report_path=data/processed/reports/baseline_report.txt
scored_bouts=11
stage=train_baselines
description=Train chronology-safe baseline models.
started_at_utc=2026-03-12T12:06:47Z
finished_at_utc=2026-03-12T12:06:47Z
status=ok
model_run_id=baselines_2026-03-12T12:06:47Z_334fc4b7e1
predictions=66
predictions_path=data/processed/predictions/baseline_predictions.csv
report_path=data/processed/reports/baseline_report.txt
scored_bouts=11
stage=train_baselines
description=Train chronology-safe baseline models.
started_at_utc=2026-03-12T14:11:44Z
finished_at_utc=2026-03-12T14:11:45Z
status=ok
model_run_id=baselines_2026-03-12T14:11:45Z_02a71698af
predictions=66
predictions_path=data/processed/predictions/baseline_predictions.csv
report_path=data/processed/reports/baseline_report.txt
scored_bouts=11
