stage=rating_coverage
description=Summarize rating coverage and temporal span.
started_at_utc=2026-03-12T18:24:00Z
finished_at_utc=2026-03-12T18:24:00Z
status=ok
coverage_rate=0.95766129
earliest_rating_utc=2022-07-23T00:00:00Z
latest_rating_utc=2026-03-07T00:00:00Z
rated_fighters=950
top_weight_class_count=1
total_fighters=992
stage=rating_coverage
description=Summarize rating coverage and temporal span.
started_at_utc=2026-03-12T19:15:55Z
finished_at_utc=2026-03-12T19:15:55Z
status=ok
coverage_rate=0.95766129
earliest_rating_utc=2022-07-23T00:00:00Z
latest_rating_utc=2026-03-07T00:00:00Z
rated_fighters=950
top_weight_class_count=1
total_fighters=992
stage=rating_coverage
description=Summarize rating coverage and temporal span.
started_at_utc=2026-03-12T22:26:22Z
finished_at_utc=2026-03-12T22:26:22Z
status=ok
coverage_rate=0.95766129
earliest_rating_utc=2022-07-23T00:00:00Z
latest_rating_utc=2026-03-07T00:00:00Z
rated_fighters=950
top_weight_class_count=1
total_fighters=992
