stage=train_baselines
description=Train chronology-safe baseline models.
started_at_utc=2026-03-12T14:30:41Z
finished_at_utc=2026-03-12T14:30:50Z
status=ok
model_run_id=baselines_2026-03-12T14:30:50Z_7dc7b4736e
predictions=2190
predictions_path=data/processed/predictions/baseline_predictions.csv
report_path=data/processed/reports/baseline_report.txt
scored_bouts=365
stage=train_baselines
description=Train chronology-safe baseline models.
started_at_utc=2026-03-12T14:34:27Z
finished_at_utc=2026-03-12T14:34:36Z
status=ok
model_run_id=baselines_2026-03-12T14:34:36Z_3325832cc7
predictions=2190
predictions_path=data/processed/predictions/baseline_predictions.csv
report_path=data/processed/reports/baseline_report.txt
scored_bouts=365
stage=train_baselines
description=Train chronology-safe baseline models.
started_at_utc=2026-03-12T14:59:35Z
finished_at_utc=2026-03-12T14:59:43Z
status=ok
model_run_id=baselines_2026-03-12T14:59:43Z_99dbd85f7b
predictions=2190
predictions_path=data/processed/predictions/baseline_predictions.csv
report_path=data/processed/reports/baseline_report.txt
scored_bouts=365
stage=train_baselines
description=Train chronology-safe baseline models.
started_at_utc=2026-03-12T15:50:35Z
finished_at_utc=2026-03-12T15:50:45Z
status=ok
model_run_id=baselines_2026-03-12T15:50:45Z_fb08da37dd
predictions=2190
predictions_path=data/processed/predictions/baseline_predictions.csv
report_path=data/processed/reports/baseline_report.txt
scored_bouts=365
stage=train_baselines
description=Train chronology-safe baseline models.
started_at_utc=2026-03-12T16:06:13Z
finished_at_utc=2026-03-12T16:06:23Z
status=ok
model_run_id=baselines_2026-03-12T16:06:23Z_f845abc8b5
predictions=2190
predictions_path=data/processed/predictions/baseline_predictions.csv
report_path=data/processed/reports/baseline_report.txt
scored_bouts=365
