stage=calibration_diagnostics
description=Generate calibration diagnostics from walk-forward predictions.
started_at_utc=2026-03-12T12:06:09Z
finished_at_utc=2026-03-12T12:06:09Z
status=failed
error_message=No chronologically valid predictions remained after filtering.
error_type=ValueError
stage=calibration_diagnostics
description=Generate calibration diagnostics from walk-forward predictions.
started_at_utc=2026-03-12T12:06:47Z
finished_at_utc=2026-03-12T12:06:47Z
status=ok
brier_score=0.25000000
dropped_chronology_invalid=0
dropped_invalid_label=0
dropped_missing_probability=0
ece=0.00000000
log_loss=0.69314718
mce=0.00000000
model_run_id=walk_forward_2026-03-12T12:06:47Z
predictions_loaded=52
predictions_used=52
report_path=data/processed/reports/calibration_diagnostics/report.txt
stage=calibration_diagnostics
description=Generate calibration diagnostics from walk-forward predictions.
started_at_utc=2026-03-12T14:11:45Z
finished_at_utc=2026-03-12T14:11:45Z
status=ok
brier_score=0.25000000
dropped_chronology_invalid=0
dropped_invalid_label=0
dropped_missing_probability=0
ece=0.00000000
log_loss=0.69314718
mce=0.00000000
model_run_id=walk_forward_2026-03-12T14:11:45Z
predictions_loaded=52
predictions_used=52
report_path=data/processed/reports/calibration_diagnostics/report.txt
