stage=train_baselines
description=Train chronology-safe baseline models.
started_at_utc=2026-03-12T18:24:00Z
finished_at_utc=2026-03-12T18:24:10Z
status=ok
model_run_id=baselines_2026-03-12T18:24:10Z_b6ffff2cc2
predictions=2190
predictions_path=data/processed/predictions/baseline_predictions.csv
report_path=data/processed/reports/baseline_report.txt
scored_bouts=365
stage=train_baselines
description=Train chronology-safe baseline models.
started_at_utc=2026-03-12T19:15:55Z
finished_at_utc=2026-03-12T19:16:06Z
status=ok
model_run_id=baselines_2026-03-12T19:16:06Z_67866c18e3
predictions=2190
predictions_path=data/processed/predictions/baseline_predictions.csv
report_path=data/processed/reports/baseline_report.txt
scored_bouts=365
stage=train_baselines
description=Train chronology-safe baseline models.
started_at_utc=2026-03-12T22:26:22Z
finished_at_utc=2026-03-12T22:26:33Z
status=ok
model_run_id=baselines_2026-03-12T22:26:33Z_ba80f49d21
predictions=2790
predictions_path=data/processed/predictions/baseline_predictions.csv
report_path=data/processed/reports/baseline_report.txt
scored_bouts=365
