stage=calibration_diagnostics
description=Generate calibration diagnostics from walk-forward predictions.
started_at_utc=2026-03-12T14:30:56Z
finished_at_utc=2026-03-12T14:30:56Z
status=ok
brier_score=0.24314469
dropped_chronology_invalid=0
dropped_invalid_label=0
dropped_missing_probability=0
ece=0.01431683
log_loss=0.67923363
mce=0.01947395
model_run_id=walk_forward_2026-03-12T14:30:50Z
predictions_loaded=3248
predictions_used=3248
report_path=data/processed/reports/calibration_diagnostics/report.txt
stage=calibration_diagnostics
description=Generate calibration diagnostics from walk-forward predictions.
started_at_utc=2026-03-12T14:34:36Z
finished_at_utc=2026-03-12T14:34:36Z
status=ok
brier_score=0.23722467
dropped_chronology_invalid=0
dropped_invalid_label=0
dropped_missing_probability=0
ece=0.01230958
log_loss=0.66706296
mce=0.03983623
model_run_id=walk_forward_2026-03-12T14:34:36Z
predictions_loaded=1248
predictions_used=1248
report_path=data/processed/reports/calibration_diagnostics/report.txt
stage=calibration_diagnostics
description=Generate calibration diagnostics from walk-forward predictions.
started_at_utc=2026-03-12T14:59:50Z
finished_at_utc=2026-03-12T14:59:50Z
status=ok
brier_score=0.24314469
dropped_chronology_invalid=0
dropped_invalid_label=0
dropped_missing_probability=0
ece=0.01431683
log_loss=0.67923363
mce=0.01947395
model_run_id=walk_forward_2026-03-12T14:59:43Z
predictions_loaded=3248
predictions_used=3248
report_path=data/processed/reports/calibration_diagnostics/report.txt
stage=calibration_diagnostics
description=Generate calibration diagnostics from walk-forward predictions.
started_at_utc=2026-03-12T15:50:52Z
finished_at_utc=2026-03-12T15:50:52Z
status=ok
brier_score=0.24314469
dropped_chronology_invalid=0
dropped_invalid_label=0
dropped_missing_probability=0
ece=0.01431683
log_loss=0.67923363
mce=0.01947395
model_run_id=walk_forward_2026-03-12T15:50:45Z
predictions_loaded=3248
predictions_used=3248
report_path=data/processed/reports/calibration_diagnostics/report.txt
stage=calibration_diagnostics
description=Generate calibration diagnostics from walk-forward predictions.
started_at_utc=2026-03-12T16:06:31Z
finished_at_utc=2026-03-12T16:06:31Z
status=ok
brier_score=0.24314469
dropped_chronology_invalid=0
dropped_invalid_label=0
dropped_missing_probability=0
ece=0.01431683
log_loss=0.67923363
mce=0.01947395
model_run_id=walk_forward_2026-03-12T16:06:24Z
predictions_loaded=3248
predictions_used=3248
report_path=data/processed/reports/calibration_diagnostics/report.txt
