stage=run_ablation_experiments
description=Run walk-forward ablation experiments.
started_at_utc=2026-03-12T12:06:47Z
finished_at_utc=2026-03-12T12:06:48Z
status=ok
best_calibration_ece=0.00000000
best_log_loss=0.69314718
best_scenario=market_only_no_interactions
comparison_report_path=data/processed/reports/ablation_comparison_report.txt
completed_bouts_available=52
contribution_report_path=data/processed/reports/ablation_contribution_report.txt
effective_min_train_bouts=26
effective_test_bouts=26
folds=1
model_run_id=ablation_2026-03-12T12:06:47Z
predictions_path=data/processed/predictions/ablation_predictions.csv
scenarios=10
window_auto_adjusted=true
stage=run_ablation_experiments
description=Run walk-forward ablation experiments.
started_at_utc=2026-03-12T14:11:45Z
finished_at_utc=2026-03-12T14:11:46Z
status=ok
best_calibration_ece=0.00000000
best_log_loss=0.69314718
best_scenario=market_only_no_interactions
comparison_report_path=data/processed/reports/ablation_comparison_report.txt
completed_bouts_available=52
contribution_report_path=data/processed/reports/ablation_contribution_report.txt
effective_min_train_bouts=26
effective_test_bouts=26
folds=1
model_run_id=ablation_2026-03-12T14:11:45Z
predictions_path=data/processed/predictions/ablation_predictions.csv
scenarios=10
window_auto_adjusted=true
