stage=calibration_diagnostics
description=Generate calibration diagnostics from walk-forward predictions.
started_at_utc=2026-03-12T18:24:17Z
finished_at_utc=2026-03-12T18:24:17Z
status=ok
brier_score=0.24314469
dropped_chronology_invalid=0
dropped_invalid_label=0
dropped_missing_probability=0
ece=0.01431683
log_loss=0.67923363
mce=0.01947395
model_run_id=walk_forward_2026-03-12T18:24:10Z
predictions_loaded=3248
predictions_used=3248
report_path=data/processed/reports/calibration_diagnostics/report.txt
stage=calibration_diagnostics
description=Generate calibration diagnostics from walk-forward predictions.
started_at_utc=2026-03-12T19:16:14Z
finished_at_utc=2026-03-12T19:16:14Z
status=ok
brier_score=0.24314469
dropped_chronology_invalid=0
dropped_invalid_label=0
dropped_missing_probability=0
ece=0.01431683
log_loss=0.67923363
mce=0.01947395
model_run_id=walk_forward_2026-03-12T19:16:07Z
predictions_loaded=3248
predictions_used=3248
report_path=data/processed/reports/calibration_diagnostics/report.txt
stage=calibration_diagnostics
description=Generate calibration diagnostics from walk-forward predictions.
started_at_utc=2026-03-12T22:26:39Z
finished_at_utc=2026-03-12T22:26:39Z
status=ok
brier_score=0.24314469
dropped_chronology_invalid=0
dropped_invalid_label=0
dropped_missing_probability=0
ece=0.01431683
log_loss=0.67923363
mce=0.01947395
model_run_id=walk_forward_2026-03-12T22:26:33Z
predictions_loaded=3248
predictions_used=3248
report_path=data/processed/reports/calibration_diagnostics/report.txt
