stage=compare_models
description=Run multi-model comparison and champion/challenger selection.
started_at_utc=2026-03-12T12:06:48Z
finished_at_utc=2026-03-12T12:06:48Z
status=ok
best_log_loss_model=elo_logistic:walk_forward_2026-03-12T12:06:47Z
best_roi_model=ablation_logistic:ablation_2026-03-12T12:06:47Z
challenger=elo_logistic:baselines_2026-03-12T12:06:47Z_334fc4b7e1
champion=elo_logistic:walk_forward_2026-03-12T12:06:47Z
models_compared=5
report_path=data/processed/reports/model_comparison_report.txt
stage=compare_models
description=Run multi-model comparison and champion/challenger selection.
started_at_utc=2026-03-12T14:11:46Z
finished_at_utc=2026-03-12T14:11:46Z
status=ok
best_log_loss_model=elo_logistic:walk_forward_2026-03-12T14:11:45Z
best_roi_model=ablation_logistic:ablation_2026-03-12T14:11:45Z
challenger=elo_logistic:baselines_2026-03-12T14:11:45Z_02a71698af
champion=elo_logistic:walk_forward_2026-03-12T14:11:45Z
models_compared=5
report_path=data/processed/reports/model_comparison_report.txt
