stage=run_ablation_experiments
description=Run walk-forward ablation experiments.
started_at_utc=2026-03-12T14:30:56Z
stage=run_ablation_experiments
description=Run walk-forward ablation experiments.
started_at_utc=2026-03-12T14:34:36Z
finished_at_utc=2026-03-12T14:36:35Z
status=ok
best_calibration_ece=0.01230958
best_log_loss=0.66706296
best_scenario=elo_only_no_interactions
comparison_report_path=data/processed/reports/ablation_comparison_report.txt
completed_bouts_available=1824
contribution_report_path=data/processed/reports/ablation_contribution_report.txt
effective_min_train_bouts=1200
effective_test_bouts=600
folds=2
model_run_id=ablation_2026-03-12T14:34:36Z
predictions_path=data/processed/predictions/ablation_predictions.csv
scenarios=10
window_auto_adjusted=false
finished_at_utc=2026-03-12T14:52:19Z
status=ok
best_calibration_ece=0.01431683
best_log_loss=0.67923363
best_scenario=elo_only_no_interactions
comparison_report_path=data/processed/reports/ablation_comparison_report.txt
completed_bouts_available=1824
contribution_report_path=data/processed/reports/ablation_contribution_report.txt
effective_min_train_bouts=200
effective_test_bouts=50
folds=33
model_run_id=ablation_2026-03-12T14:30:56Z
predictions_path=data/processed/predictions/ablation_predictions.csv
scenarios=10
window_auto_adjusted=false
stage=run_ablation_experiments
description=Run walk-forward ablation experiments.
started_at_utc=2026-03-12T14:59:50Z
finished_at_utc=2026-03-12T15:21:09Z
status=ok
best_calibration_ece=0.01431683
best_log_loss=0.67923363
best_scenario=elo_only_no_interactions
comparison_report_path=data/processed/reports/ablation_comparison_report.txt
completed_bouts_available=1824
contribution_report_path=data/processed/reports/ablation_contribution_report.txt
effective_min_train_bouts=200
effective_test_bouts=50
folds=33
model_run_id=ablation_2026-03-12T14:59:50Z
predictions_path=data/processed/predictions/ablation_predictions.csv
scenarios=10
window_auto_adjusted=false
stage=run_ablation_experiments
description=Run walk-forward ablation experiments.
started_at_utc=2026-03-12T15:50:52Z
stage=run_ablation_experiments
description=Run walk-forward ablation experiments.
started_at_utc=2026-03-12T16:06:31Z
finished_at_utc=2026-03-12T16:12:20Z
status=ok
best_calibration_ece=0.01431683
best_log_loss=0.67923363
best_scenario=elo_only_no_interactions
comparison_report_path=data/processed/reports/ablation_comparison_report.txt
completed_bouts_available=1824
contribution_report_path=data/processed/reports/ablation_contribution_report.txt
effective_min_train_bouts=200
effective_test_bouts=50
folds=33
model_run_id=ablation_2026-03-12T15:50:52Z
predictions_path=data/processed/predictions/ablation_predictions.csv
scenarios=10
window_auto_adjusted=false
finished_at_utc=2026-03-12T16:27:59Z
status=ok
best_calibration_ece=0.01431683
best_log_loss=0.67923363
best_scenario=elo_only_no_interactions
comparison_report_path=data/processed/reports/ablation_comparison_report.txt
completed_bouts_available=1824
contribution_report_path=data/processed/reports/ablation_contribution_report.txt
effective_min_train_bouts=200
effective_test_bouts=50
folds=33
model_run_id=ablation_2026-03-12T16:06:31Z
predictions_path=data/processed/predictions/ablation_predictions.csv
scenarios=10
window_auto_adjusted=false
