stage=compare_models
description=Run multi-model comparison and champion/challenger selection.
started_at_utc=2026-03-12T14:36:35Z
finished_at_utc=2026-03-12T14:36:36Z
status=ok
best_log_loss_model=elo_logistic:baselines_2026-03-12T14:34:36Z_3325832cc7
best_roi_model=ablation_logistic:ablation_2026-03-12T14:34:36Z
challenger=elo_logistic:walk_forward_2026-03-12T14:34:36Z
champion=elo_logistic:baselines_2026-03-12T14:34:36Z_3325832cc7
models_compared=5
report_path=data/processed/reports/model_comparison_report.txt
stage=compare_models
description=Run multi-model comparison and champion/challenger selection.
started_at_utc=2026-03-12T14:52:19Z
finished_at_utc=2026-03-12T14:52:20Z
status=ok
best_log_loss_model=elo_logistic:baselines_2026-03-12T14:34:36Z_3325832cc7
best_roi_model=ablation_logistic:ablation_2026-03-12T14:30:56Z
challenger=elo_logistic:walk_forward_2026-03-12T14:34:36Z
champion=elo_logistic:baselines_2026-03-12T14:34:36Z_3325832cc7
models_compared=5
report_path=data/processed/reports/model_comparison_report.txt
stage=compare_models
description=Run multi-model comparison and champion/challenger selection.
started_at_utc=2026-03-12T15:21:09Z
finished_at_utc=2026-03-12T15:21:10Z
status=ok
best_log_loss_model=elo_logistic:baselines_2026-03-12T14:59:43Z_99dbd85f7b
best_roi_model=ablation_logistic:ablation_2026-03-12T14:59:50Z
challenger=elo_logistic:walk_forward_2026-03-12T14:59:43Z
champion=elo_logistic:baselines_2026-03-12T14:59:43Z_99dbd85f7b
models_compared=5
report_path=data/processed/reports/model_comparison_report.txt
stage=compare_models
description=Run multi-model comparison and champion/challenger selection.
started_at_utc=2026-03-12T16:12:20Z
finished_at_utc=2026-03-12T16:12:20Z
status=ok
best_log_loss_model=elo_logistic:baselines_2026-03-12T16:06:23Z_f845abc8b5
best_roi_model=ablation_logistic:ablation_2026-03-12T15:50:52Z
challenger=elo_logistic:walk_forward_2026-03-12T16:06:24Z
champion=elo_logistic:baselines_2026-03-12T16:06:23Z_f845abc8b5
models_compared=5
report_path=data/processed/reports/model_comparison_report.txt
stage=compare_models
description=Run multi-model comparison and champion/challenger selection.
started_at_utc=2026-03-12T16:27:59Z
finished_at_utc=2026-03-12T16:28:00Z
status=ok
best_log_loss_model=elo_logistic:baselines_2026-03-12T16:06:23Z_f845abc8b5
best_roi_model=ablation_logistic:ablation_2026-03-12T16:06:31Z
challenger=elo_logistic:walk_forward_2026-03-12T16:06:24Z
champion=elo_logistic:baselines_2026-03-12T16:06:23Z_f845abc8b5
models_compared=5
report_path=data/processed/reports/model_comparison_report.txt
