stage=run_ablation_experiments
description=Run walk-forward ablation experiments.
started_at_utc=2026-03-12T18:24:17Z
finished_at_utc=2026-03-12T18:45:43Z
status=ok
best_calibration_ece=0.01431683
best_log_loss=0.67923363
best_scenario=elo_only_no_interactions
comparison_report_path=data/processed/reports/ablation_comparison_report.txt
completed_bouts_available=1824
contribution_report_path=data/processed/reports/ablation_contribution_report.txt
effective_min_train_bouts=200
effective_test_bouts=50
folds=33
model_run_id=ablation_2026-03-12T18:24:17Z
predictions_path=data/processed/predictions/ablation_predictions.csv
scenarios=10
window_auto_adjusted=false
stage=run_ablation_experiments
description=Run walk-forward ablation experiments.
started_at_utc=2026-03-12T19:16:14Z
finished_at_utc=2026-03-12T19:37:59Z
status=ok
best_calibration_ece=0.01431683
best_log_loss=0.67923363
best_scenario=elo_only_no_interactions
comparison_report_path=data/processed/reports/ablation_comparison_report.txt
completed_bouts_available=1824
contribution_report_path=data/processed/reports/ablation_contribution_report.txt
effective_min_train_bouts=200
effective_test_bouts=50
folds=33
model_run_id=ablation_2026-03-12T19:16:14Z
predictions_path=data/processed/predictions/ablation_predictions.csv
scenarios=10
window_auto_adjusted=false
stage=run_ablation_experiments
description=Run walk-forward ablation experiments.
started_at_utc=2026-03-12T22:26:39Z
finished_at_utc=2026-03-12T22:47:55Z
status=ok
best_calibration_ece=0.02416445
best_log_loss=0.61019774
best_scenario=market_only_no_interactions
comparison_report_path=data/processed/reports/ablation_comparison_report.txt
completed_bouts_available=1824
contribution_report_path=data/processed/reports/ablation_contribution_report.txt
effective_min_train_bouts=200
effective_test_bouts=50
folds=33
model_run_id=ablation_2026-03-12T22:26:39Z
predictions_path=data/processed/predictions/ablation_predictions.csv
scenarios=10
window_auto_adjusted=false
