stage=compare_models
description=Run multi-model comparison and champion/challenger selection.
started_at_utc=2026-03-12T18:45:43Z
finished_at_utc=2026-03-12T18:45:44Z
status=ok
best_log_loss_model=elo_logistic:baselines_2026-03-12T18:24:10Z_b6ffff2cc2
best_roi_model=ablation_logistic:ablation_2026-03-12T18:24:17Z
challenger=elo_logistic:walk_forward_2026-03-12T18:24:10Z
champion=elo_logistic:baselines_2026-03-12T18:24:10Z_b6ffff2cc2
models_compared=5
report_path=data/processed/reports/model_comparison_report.txt
stage=compare_models
description=Run multi-model comparison and champion/challenger selection.
started_at_utc=2026-03-12T19:37:59Z
finished_at_utc=2026-03-12T19:37:59Z
status=ok
best_log_loss_model=elo_logistic:baselines_2026-03-12T19:16:06Z_67866c18e3
best_roi_model=ablation_logistic:ablation_2026-03-12T19:16:14Z
challenger=elo_logistic:walk_forward_2026-03-12T19:16:07Z
champion=elo_logistic:baselines_2026-03-12T19:16:06Z_67866c18e3
models_compared=5
report_path=data/processed/reports/model_comparison_report.txt
stage=compare_models
description=Run multi-model comparison and champion/challenger selection.
started_at_utc=2026-03-12T22:47:55Z
finished_at_utc=2026-03-12T22:48:07Z
status=ok
best_log_loss_model=market_implied_probability:baselines_2026-03-12T22:26:33Z_ba80f49d21
best_roi_model=market_implied_probability:baselines_2026-03-12T22:26:33Z_ba80f49d21
challenger=ablation_logistic:ablation_2026-03-12T22:26:39Z
champion=market_implied_probability:baselines_2026-03-12T22:26:33Z_ba80f49d21
models_compared=6
report_path=data/processed/reports/model_comparison_report.txt
